<?xml version="1.0" encoding="UTF-8"?>
<testsuite xmlns:xsi="http://www.w3.org/2001/XMLSchema-instance" xsi:noNamespaceSchemaLocation="https://maven.apache.org/surefire/maven-surefire-plugin/xsd/surefire-test-report-3.0.xsd" version="3.0" name="com.example.AppTest" time="0.033" tests="1" errors="0" skipped="0" failures="0">
  <properties>
    <property name="java.specification.version" value="21"/>
    <property name="sun.jnu.encoding" value="UTF-8"/>
    <property name="java.class.path" value="/Users/ryanrezvani/logging_test/demo/target/test-classes:/Users/ryanrezvani/logging_test/demo/target/classes:/Users/ryanrezvani/.m2/repository/junit/junit/4.11/junit-4.11.jar:/Users/ryanrezvani/.m2/repository/org/hamcrest/hamcrest-core/1.3/hamcrest-core-1.3.jar:/Users/ryanrezvani/.m2/repository/com/google/cloud/google-cloud-logging/3.15.12/google-cloud-logging-3.15.12.jar:/Users/ryanrezvani/.m2/repository/com/google/guava/failureaccess/1.0.1/failureaccess-1.0.1.jar:/Users/ryanrezvani/.m2/repository/com/google/guava/listenablefuture/9999.0-empty-to-avoid-conflict-with-guava/listenablefuture-9999.0-empty-to-avoid-conflict-with-guava.jar:/Users/ryanrezvani/.m2/repository/com/google/code/findbugs/jsr305/3.0.2/jsr305-3.0.2.jar:/Users/ryanrezvani/.m2/repository/org/checkerframework/checker-qual/3.39.0/checker-qual-3.39.0.jar:/Users/ryanrezvani/.m2/repository/com/google/j2objc/j2objc-annotations/2.8/j2objc-annotations-2.8.jar:/Users/ryanrezvani/.m2/repository/com/google/code/gson/gson/2.10.1/gson-2.10.1.jar:/Users/ryanrezvani/.m2/repository/io/grpc/grpc-api/1.58.0/grpc-api-1.58.0.jar:/Users/ryanrezvani/.m2/repository/io/grpc/grpc-stub/1.58.0/grpc-stub-1.58.0.jar:/Users/ryanrezvani/.m2/repository/io/grpc/grpc-protobuf/1.58.0/grpc-protobuf-1.58.0.jar:/Users/ryanrezvani/.m2/repository/io/grpc/grpc-protobuf-lite/1.58.0/grpc-protobuf-lite-1.58.0.jar:/Users/ryanrezvani/.m2/repository/com/google/api/api-common/2.19.0/api-common-2.19.0.jar:/Users/ryanrezvani/.m2/repository/com/google/auto/value/auto-value-annotations/1.10.4/auto-value-annotations-1.10.4.jar:/Users/ryanrezvani/.m2/repository/javax/annotation/javax.annotation-api/1.3.2/javax.annotation-api-1.3.2.jar:/Users/ryanrezvani/.m2/repository/com/google/protobuf/protobuf-java-util/3.24.4/protobuf-java-util-3.24.4.jar:/Users/ryanrezvani/.m2/repository/com/google/api/grpc/proto-google-common-protos/2.27.0/proto-google-common-protos-2.27.0.jar:/Users/ryanrezvani/.m2/repository/com/google/api/grpc/proto-google-cloud-logging-v2/0.104.12/proto-google-cloud-logging-v2-0.104.12.jar:/Users/ryanrezvani/.m2/repository/com/google/api/gax/2.36.0/gax-2.36.0.jar:/Users/ryanrezvani/.m2/repository/com/google/auth/google-auth-library-credentials/1.20.0/google-auth-library-credentials-1.20.0.jar:/Users/ryanrezvani/.m2/repository/io/opencensus/opencensus-api/0.31.1/opencensus-api-0.31.1.jar:/Users/ryanrezvani/.m2/repository/io/grpc/grpc-context/1.58.0/grpc-context-1.58.0.jar:/Users/ryanrezvani/.m2/repository/com/google/api/gax-grpc/2.36.0/gax-grpc-2.36.0.jar:/Users/ryanrezvani/.m2/repository/io/grpc/grpc-alts/1.58.0/grpc-alts-1.58.0.jar:/Users/ryanrezvani/.m2/repository/io/grpc/grpc-grpclb/1.58.0/grpc-grpclb-1.58.0.jar:/Users/ryanrezvani/.m2/repository/org/conscrypt/conscrypt-openjdk-uber/2.5.2/conscrypt-openjdk-uber-2.5.2.jar:/Users/ryanrezvani/.m2/repository/io/grpc/grpc-auth/1.58.0/grpc-auth-1.58.0.jar:/Users/ryanrezvani/.m2/repository/io/grpc/grpc-netty-shaded/1.58.0/grpc-netty-shaded-1.58.0.jar:/Users/ryanrezvani/.m2/repository/io/perfmark/perfmark-api/0.26.0/perfmark-api-0.26.0.jar:/Users/ryanrezvani/.m2/repository/io/grpc/grpc-googleapis/1.58.0/grpc-googleapis-1.58.0.jar:/Users/ryanrezvani/.m2/repository/io/grpc/grpc-xds/1.58.0/grpc-xds-1.58.0.jar:/Users/ryanrezvani/.m2/repository/io/opencensus/opencensus-proto/0.2.0/opencensus-proto-0.2.0.jar:/Users/ryanrezvani/.m2/repository/io/grpc/grpc-services/1.58.0/grpc-services-1.58.0.jar:/Users/ryanrezvani/.m2/repository/com/google/re2j/re2j/1.7/re2j-1.7.jar:/Users/ryanrezvani/.m2/repository/org/threeten/threetenbp/1.6.8/threetenbp-1.6.8.jar:/Users/ryanrezvani/.m2/repository/com/google/cloud/google-cloud-core-grpc/2.26.0/google-cloud-core-grpc-2.26.0.jar:/Users/ryanrezvani/.m2/repository/com/google/auth/google-auth-library-oauth2-http/1.20.0/google-auth-library-oauth2-http-1.20.0.jar:/Users/ryanrezvani/.m2/repository/com/google/http-client/google-http-client-gson/1.43.3/google-http-client-gson-1.43.3.jar:/Users/ryanrezvani/.m2/repository/com/google/http-client/google-http-client/1.43.3/google-http-client-1.43.3.jar:/Users/ryanrezvani/.m2/repository/org/apache/httpcomponents/httpclient/4.5.14/httpclient-4.5.14.jar:/Users/ryanrezvani/.m2/repository/commons-logging/commons-logging/1.2/commons-logging-1.2.jar:/Users/ryanrezvani/.m2/repository/commons-codec/commons-codec/1.16.0/commons-codec-1.16.0.jar:/Users/ryanrezvani/.m2/repository/org/apache/httpcomponents/httpcore/4.4.16/httpcore-4.4.16.jar:/Users/ryanrezvani/.m2/repository/io/opencensus/opencensus-contrib-http-util/0.31.1/opencensus-contrib-http-util-0.31.1.jar:/Users/ryanrezvani/.m2/repository/io/grpc/grpc-inprocess/1.58.0/grpc-inprocess-1.58.0.jar:/Users/ryanrezvani/.m2/repository/io/grpc/grpc-core/1.58.0/grpc-core-1.58.0.jar:/Users/ryanrezvani/.m2/repository/com/google/android/annotations/4.1.1.4/annotations-4.1.1.4.jar:/Users/ryanrezvani/.m2/repository/org/codehaus/mojo/animal-sniffer-annotations/1.23/animal-sniffer-annotations-1.23.jar:/Users/ryanrezvani/.m2/repository/io/grpc/grpc-util/1.58.0/grpc-util-1.58.0.jar:/Users/ryanrezvani/.m2/repository/com/google/cloud/google-cloud-core/2.26.0/google-cloud-core-2.26.0.jar:/Users/ryanrezvani/.m2/repository/com/google/api/grpc/proto-google-iam-v1/1.22.0/proto-google-iam-v1-1.22.0.jar:/Users/ryanrezvani/.m2/repository/com/google/errorprone/error_prone_annotations/2.22.0/error_prone_annotations-2.22.0.jar:/Users/ryanrezvani/.m2/repository/io/opentelemetry/opentelemetry-api/1.32.0/opentelemetry-api-1.32.0.jar:/Users/ryanrezvani/.m2/repository/io/opentelemetry/opentelemetry-context/1.32.0/opentelemetry-context-1.32.0.jar:/Users/ryanrezvani/.m2/repository/io/opentelemetry/opentelemetry-sdk/1.32.0/opentelemetry-sdk-1.32.0.jar:/Users/ryanrezvani/.m2/repository/io/opentelemetry/opentelemetry-sdk-common/1.32.0/opentelemetry-sdk-common-1.32.0.jar:/Users/ryanrezvani/.m2/repository/io/opentelemetry/opentelemetry-sdk-trace/1.32.0/opentelemetry-sdk-trace-1.32.0.jar:/Users/ryanrezvani/.m2/repository/io/opentelemetry/opentelemetry-sdk-logs/1.32.0/opentelemetry-sdk-logs-1.32.0.jar:/Users/ryanrezvani/.m2/repository/io/opentelemetry/opentelemetry-sdk-metrics/1.32.0/opentelemetry-sdk-metrics-1.32.0.jar:/Users/ryanrezvani/.m2/repository/io/opentelemetry/opentelemetry-extension-incubator/1.32.0-alpha/opentelemetry-extension-incubator-1.32.0-alpha.jar:/Users/ryanrezvani/.m2/repository/io/opentelemetry/opentelemetry-exporter-logging/1.32.0/opentelemetry-exporter-logging-1.32.0.jar:/Users/ryanrezvani/.m2/repository/io/opentelemetry/semconv/opentelemetry-semconv/1.23.1-alpha/opentelemetry-semconv-1.23.1-alpha.jar:/Users/ryanrezvani/.m2/repository/io/opentelemetry/opentelemetry-sdk-extension-autoconfigure/1.32.0/opentelemetry-sdk-extension-autoconfigure-1.32.0.jar:/Users/ryanrezvani/.m2/repository/io/opentelemetry/opentelemetry-api-events/1.32.0-alpha/opentelemetry-api-events-1.32.0-alpha.jar:/Users/ryanrezvani/.m2/repository/io/opentelemetry/opentelemetry-sdk-extension-autoconfigure-spi/1.32.0/opentelemetry-sdk-extension-autoconfigure-spi-1.32.0.jar:/Users/ryanrezvani/.m2/repository/com/google/guava/guava/32.1.2-jre/guava-32.1.2-jre.jar:/Users/ryanrezvani/.m2/repository/com/google/protobuf/protobuf-java/3.22.0/protobuf-java-3.22.0.jar:"/>
    <property name="java.vm.vendor" value="Homebrew"/>
    <property name="sun.arch.data.model" value="64"/>
    <property name="java.vendor.url" value="https://github.com/Homebrew/homebrew-core/issues"/>
    <property name="os.name" value="Mac OS X"/>
    <property name="java.vm.specification.version" value="21"/>
    <property name="sun.java.launcher" value="SUN_STANDARD"/>
    <property name="user.country" value="US"/>
    <property name="sun.boot.library.path" value="/opt/homebrew/Cellar/openjdk/21.0.1/libexec/openjdk.jdk/Contents/Home/lib"/>
    <property name="sun.java.command" value="/Users/ryanrezvani/logging_test/demo/target/surefire/surefirebooter-20231206144419587_3.jar /Users/ryanrezvani/logging_test/demo/target/surefire 2023-12-06T14-44-19_537-jvmRun1 surefire-20231206144419587_1tmp surefire_0-20231206144419587_2tmp"/>
    <property name="http.nonProxyHosts" value="local|*.local|169.254/16|*.169.254/16"/>
    <property name="jdk.debug" value="release"/>
    <property name="surefire.test.class.path" value="/Users/ryanrezvani/logging_test/demo/target/test-classes:/Users/ryanrezvani/logging_test/demo/target/classes:/Users/ryanrezvani/.m2/repository/junit/junit/4.11/junit-4.11.jar:/Users/ryanrezvani/.m2/repository/org/hamcrest/hamcrest-core/1.3/hamcrest-core-1.3.jar:/Users/ryanrezvani/.m2/repository/com/google/cloud/google-cloud-logging/3.15.12/google-cloud-logging-3.15.12.jar:/Users/ryanrezvani/.m2/repository/com/google/guava/failureaccess/1.0.1/failureaccess-1.0.1.jar:/Users/ryanrezvani/.m2/repository/com/google/guava/listenablefuture/9999.0-empty-to-avoid-conflict-with-guava/listenablefuture-9999.0-empty-to-avoid-conflict-with-guava.jar:/Users/ryanrezvani/.m2/repository/com/google/code/findbugs/jsr305/3.0.2/jsr305-3.0.2.jar:/Users/ryanrezvani/.m2/repository/org/checkerframework/checker-qual/3.39.0/checker-qual-3.39.0.jar:/Users/ryanrezvani/.m2/repository/com/google/j2objc/j2objc-annotations/2.8/j2objc-annotations-2.8.jar:/Users/ryanrezvani/.m2/repository/com/google/code/gson/gson/2.10.1/gson-2.10.1.jar:/Users/ryanrezvani/.m2/repository/io/grpc/grpc-api/1.58.0/grpc-api-1.58.0.jar:/Users/ryanrezvani/.m2/repository/io/grpc/grpc-stub/1.58.0/grpc-stub-1.58.0.jar:/Users/ryanrezvani/.m2/repository/io/grpc/grpc-protobuf/1.58.0/grpc-protobuf-1.58.0.jar:/Users/ryanrezvani/.m2/repository/io/grpc/grpc-protobuf-lite/1.58.0/grpc-protobuf-lite-1.58.0.jar:/Users/ryanrezvani/.m2/repository/com/google/api/api-common/2.19.0/api-common-2.19.0.jar:/Users/ryanrezvani/.m2/repository/com/google/auto/value/auto-value-annotations/1.10.4/auto-value-annotations-1.10.4.jar:/Users/ryanrezvani/.m2/repository/javax/annotation/javax.annotation-api/1.3.2/javax.annotation-api-1.3.2.jar:/Users/ryanrezvani/.m2/repository/com/google/protobuf/protobuf-java-util/3.24.4/protobuf-java-util-3.24.4.jar:/Users/ryanrezvani/.m2/repository/com/google/api/grpc/proto-google-common-protos/2.27.0/proto-google-common-protos-2.27.0.jar:/Users/ryanrezvani/.m2/repository/com/google/api/grpc/proto-google-cloud-logging-v2/0.104.12/proto-google-cloud-logging-v2-0.104.12.jar:/Users/ryanrezvani/.m2/repository/com/google/api/gax/2.36.0/gax-2.36.0.jar:/Users/ryanrezvani/.m2/repository/com/google/auth/google-auth-library-credentials/1.20.0/google-auth-library-credentials-1.20.0.jar:/Users/ryanrezvani/.m2/repository/io/opencensus/opencensus-api/0.31.1/opencensus-api-0.31.1.jar:/Users/ryanrezvani/.m2/repository/io/grpc/grpc-context/1.58.0/grpc-context-1.58.0.jar:/Users/ryanrezvani/.m2/repository/com/google/api/gax-grpc/2.36.0/gax-grpc-2.36.0.jar:/Users/ryanrezvani/.m2/repository/io/grpc/grpc-alts/1.58.0/grpc-alts-1.58.0.jar:/Users/ryanrezvani/.m2/repository/io/grpc/grpc-grpclb/1.58.0/grpc-grpclb-1.58.0.jar:/Users/ryanrezvani/.m2/repository/org/conscrypt/conscrypt-openjdk-uber/2.5.2/conscrypt-openjdk-uber-2.5.2.jar:/Users/ryanrezvani/.m2/repository/io/grpc/grpc-auth/1.58.0/grpc-auth-1.58.0.jar:/Users/ryanrezvani/.m2/repository/io/grpc/grpc-netty-shaded/1.58.0/grpc-netty-shaded-1.58.0.jar:/Users/ryanrezvani/.m2/repository/io/perfmark/perfmark-api/0.26.0/perfmark-api-0.26.0.jar:/Users/ryanrezvani/.m2/repository/io/grpc/grpc-googleapis/1.58.0/grpc-googleapis-1.58.0.jar:/Users/ryanrezvani/.m2/repository/io/grpc/grpc-xds/1.58.0/grpc-xds-1.58.0.jar:/Users/ryanrezvani/.m2/repository/io/opencensus/opencensus-proto/0.2.0/opencensus-proto-0.2.0.jar:/Users/ryanrezvani/.m2/repository/io/grpc/grpc-services/1.58.0/grpc-services-1.58.0.jar:/Users/ryanrezvani/.m2/repository/com/google/re2j/re2j/1.7/re2j-1.7.jar:/Users/ryanrezvani/.m2/repository/org/threeten/threetenbp/1.6.8/threetenbp-1.6.8.jar:/Users/ryanrezvani/.m2/repository/com/google/cloud/google-cloud-core-grpc/2.26.0/google-cloud-core-grpc-2.26.0.jar:/Users/ryanrezvani/.m2/repository/com/google/auth/google-auth-library-oauth2-http/1.20.0/google-auth-library-oauth2-http-1.20.0.jar:/Users/ryanrezvani/.m2/repository/com/google/http-client/google-http-client-gson/1.43.3/google-http-client-gson-1.43.3.jar:/Users/ryanrezvani/.m2/repository/com/google/http-client/google-http-client/1.43.3/google-http-client-1.43.3.jar:/Users/ryanrezvani/.m2/repository/org/apache/httpcomponents/httpclient/4.5.14/httpclient-4.5.14.jar:/Users/ryanrezvani/.m2/repository/commons-logging/commons-logging/1.2/commons-logging-1.2.jar:/Users/ryanrezvani/.m2/repository/commons-codec/commons-codec/1.16.0/commons-codec-1.16.0.jar:/Users/ryanrezvani/.m2/repository/org/apache/httpcomponents/httpcore/4.4.16/httpcore-4.4.16.jar:/Users/ryanrezvani/.m2/repository/io/opencensus/opencensus-contrib-http-util/0.31.1/opencensus-contrib-http-util-0.31.1.jar:/Users/ryanrezvani/.m2/repository/io/grpc/grpc-inprocess/1.58.0/grpc-inprocess-1.58.0.jar:/Users/ryanrezvani/.m2/repository/io/grpc/grpc-core/1.58.0/grpc-core-1.58.0.jar:/Users/ryanrezvani/.m2/repository/com/google/android/annotations/4.1.1.4/annotations-4.1.1.4.jar:/Users/ryanrezvani/.m2/repository/org/codehaus/mojo/animal-sniffer-annotations/1.23/animal-sniffer-annotations-1.23.jar:/Users/ryanrezvani/.m2/repository/io/grpc/grpc-util/1.58.0/grpc-util-1.58.0.jar:/Users/ryanrezvani/.m2/repository/com/google/cloud/google-cloud-core/2.26.0/google-cloud-core-2.26.0.jar:/Users/ryanrezvani/.m2/repository/com/google/api/grpc/proto-google-iam-v1/1.22.0/proto-google-iam-v1-1.22.0.jar:/Users/ryanrezvani/.m2/repository/com/google/errorprone/error_prone_annotations/2.22.0/error_prone_annotations-2.22.0.jar:/Users/ryanrezvani/.m2/repository/io/opentelemetry/opentelemetry-api/1.32.0/opentelemetry-api-1.32.0.jar:/Users/ryanrezvani/.m2/repository/io/opentelemetry/opentelemetry-context/1.32.0/opentelemetry-context-1.32.0.jar:/Users/ryanrezvani/.m2/repository/io/opentelemetry/opentelemetry-sdk/1.32.0/opentelemetry-sdk-1.32.0.jar:/Users/ryanrezvani/.m2/repository/io/opentelemetry/opentelemetry-sdk-common/1.32.0/opentelemetry-sdk-common-1.32.0.jar:/Users/ryanrezvani/.m2/repository/io/opentelemetry/opentelemetry-sdk-trace/1.32.0/opentelemetry-sdk-trace-1.32.0.jar:/Users/ryanrezvani/.m2/repository/io/opentelemetry/opentelemetry-sdk-logs/1.32.0/opentelemetry-sdk-logs-1.32.0.jar:/Users/ryanrezvani/.m2/repository/io/opentelemetry/opentelemetry-sdk-metrics/1.32.0/opentelemetry-sdk-metrics-1.32.0.jar:/Users/ryanrezvani/.m2/repository/io/opentelemetry/opentelemetry-extension-incubator/1.32.0-alpha/opentelemetry-extension-incubator-1.32.0-alpha.jar:/Users/ryanrezvani/.m2/repository/io/opentelemetry/opentelemetry-exporter-logging/1.32.0/opentelemetry-exporter-logging-1.32.0.jar:/Users/ryanrezvani/.m2/repository/io/opentelemetry/semconv/opentelemetry-semconv/1.23.1-alpha/opentelemetry-semconv-1.23.1-alpha.jar:/Users/ryanrezvani/.m2/repository/io/opentelemetry/opentelemetry-sdk-extension-autoconfigure/1.32.0/opentelemetry-sdk-extension-autoconfigure-1.32.0.jar:/Users/ryanrezvani/.m2/repository/io/opentelemetry/opentelemetry-api-events/1.32.0-alpha/opentelemetry-api-events-1.32.0-alpha.jar:/Users/ryanrezvani/.m2/repository/io/opentelemetry/opentelemetry-sdk-extension-autoconfigure-spi/1.32.0/opentelemetry-sdk-extension-autoconfigure-spi-1.32.0.jar:/Users/ryanrezvani/.m2/repository/com/google/guava/guava/32.1.2-jre/guava-32.1.2-jre.jar:/Users/ryanrezvani/.m2/repository/com/google/protobuf/protobuf-java/3.22.0/protobuf-java-3.22.0.jar:"/>
    <property name="sun.cpu.endian" value="little"/>
    <property name="user.home" value="/Users/ryanrezvani"/>
    <property name="user.language" value="en"/>
    <property name="java.specification.vendor" value="Oracle Corporation"/>
    <property name="java.version.date" value="2023-10-17"/>
    <property name="java.home" value="/opt/homebrew/Cellar/openjdk/21.0.1/libexec/openjdk.jdk/Contents/Home"/>
    <property name="file.separator" value="/"/>
    <property name="basedir" value="/Users/ryanrezvani/logging_test/demo"/>
    <property name="java.vm.compressedOopsMode" value="Zero based"/>
    <property name="line.separator" value="&#10;"/>
    <property name="java.vm.specification.vendor" value="Oracle Corporation"/>
    <property name="java.specification.name" value="Java Platform API Specification"/>
    <property name="apple.awt.application.name" value="ForkedBooter"/>
    <property name="surefire.real.class.path" value="/Users/ryanrezvani/logging_test/demo/target/surefire/surefirebooter-20231206144419587_3.jar"/>
    <property name="sun.management.compiler" value="HotSpot 64-Bit Tiered Compilers"/>
    <property name="ftp.nonProxyHosts" value="local|*.local|169.254/16|*.169.254/16"/>
    <property name="java.runtime.version" value="21.0.1"/>
    <property name="user.name" value="ryanrezvani"/>
    <property name="stdout.encoding" value="UTF-8"/>
    <property name="path.separator" value=":"/>
    <property name="os.version" value="14.1.2"/>
    <property name="java.runtime.name" value="OpenJDK Runtime Environment"/>
    <property name="file.encoding" value="UTF-8"/>
    <property name="java.vm.name" value="OpenJDK 64-Bit Server VM"/>
    <property name="java.vendor.version" value="Homebrew"/>
    <property name="localRepository" value="/Users/ryanrezvani/.m2/repository"/>
    <property name="java.vendor.url.bug" value="https://github.com/Homebrew/homebrew-core/issues"/>
    <property name="java.io.tmpdir" value="/var/folders/p8/cqyp_scs1jx194tcgm0tg9y40115kt/T/"/>
    <property name="java.version" value="21.0.1"/>
    <property name="user.dir" value="/Users/ryanrezvani/logging_test/demo"/>
    <property name="os.arch" value="aarch64"/>
    <property name="java.vm.specification.name" value="Java Virtual Machine Specification"/>
    <property name="native.encoding" value="UTF-8"/>
    <property name="java.library.path" value="/Users/ryanrezvani/Library/Java/Extensions:/Library/Java/Extensions:/Network/Library/Java/Extensions:/System/Library/Java/Extensions:/usr/lib/java:."/>
    <property name="java.vm.info" value="mixed mode, sharing"/>
    <property name="stderr.encoding" value="UTF-8"/>
    <property name="java.vendor" value="Homebrew"/>
    <property name="java.vm.version" value="21.0.1"/>
    <property name="sun.io.unicode.encoding" value="UnicodeBig"/>
    <property name="socksNonProxyHosts" value="local|*.local|169.254/16|*.169.254/16"/>
    <property name="java.class.version" value="65.0"/>
  </properties>
  <testcase name="shouldAnswerWithTrue" classname="com.example.AppTest" time="0.001"/>
</testsuite>